<?xml version="1.0" encoding="UTF-8"?>
<testng-results ignored="0" total="5" passed="5" failed="0" skipped="0">
  <reporter-output>
  </reporter-output>
  <suite started-at="2022-06-10T16:45:02 CDT" name="All Test Suite" finished-at="2022-06-10T16:46:08 CDT" duration-ms="66188">
    <groups>
    </groups>
    <test started-at="2022-06-10T16:45:02 CDT" name="Regression" finished-at="2022-06-10T16:46:08 CDT" duration-ms="66188">
      <class name="tests.UnitedTests">
        <test-method is-config="true" signature="setup()[pri:0, instance:tests.UnitedTests@704d6e83]" started-at="2022-06-10T16:45:02 CDT" name="setup" finished-at="2022-06-10T16:45:07 CDT" duration-ms="5623" status="PASS">
          <reporter-output>
          </reporter-output>
        </test-method> <!-- setup -->
        <test-method signature="testNavigationItems()[pri:1, instance:tests.UnitedTests@704d6e83]" started-at="2022-06-10T16:45:07 CDT" name="testNavigationItems" description="Test Case 1: Validate &quot;Main menu&quot; navigation items" finished-at="2022-06-10T16:45:13 CDT" duration-ms="5953" status="PASS">
          <reporter-output>
          </reporter-output>
        </test-method> <!-- testNavigationItems -->
        <test-method is-config="true" signature="teardown()[pri:0, instance:tests.UnitedTests@704d6e83]" started-at="2022-06-10T16:45:13 CDT" name="teardown" finished-at="2022-06-10T16:45:13 CDT" duration-ms="193" status="PASS">
          <reporter-output>
          </reporter-output>
        </test-method> <!-- teardown -->
        <test-method is-config="true" signature="setup()[pri:0, instance:tests.UnitedTests@704d6e83]" started-at="2022-06-10T16:45:13 CDT" name="setup" finished-at="2022-06-10T16:45:15 CDT" duration-ms="2028" status="PASS">
          <reporter-output>
          </reporter-output>
        </test-method> <!-- setup -->
        <test-method signature="validateBookTravelNavigationItems()[pri:2, instance:tests.UnitedTests@704d6e83]" started-at="2022-06-10T16:45:15 CDT" name="validateBookTravelNavigationItems" description="Test Case 2: Validate &quot;Book travel menu&quot; navigation items" finished-at="2022-06-10T16:45:21 CDT" duration-ms="5882" status="PASS">
          <reporter-output>
          </reporter-output>
        </test-method> <!-- validateBookTravelNavigationItems -->
        <test-method is-config="true" signature="teardown()[pri:0, instance:tests.UnitedTests@704d6e83]" started-at="2022-06-10T16:45:21 CDT" name="teardown" finished-at="2022-06-10T16:45:21 CDT" duration-ms="197" status="PASS">
          <reporter-output>
          </reporter-output>
        </test-method> <!-- teardown -->
        <test-method is-config="true" signature="setup()[pri:0, instance:tests.UnitedTests@704d6e83]" started-at="2022-06-10T16:45:21 CDT" name="setup" finished-at="2022-06-10T16:45:23 CDT" duration-ms="1872" status="PASS">
          <reporter-output>
          </reporter-output>
        </test-method> <!-- setup -->
        <test-method signature="testAndValidateRadioButtons()[pri:3, instance:tests.UnitedTests@704d6e83]" started-at="2022-06-10T16:45:23 CDT" name="testAndValidateRadioButtons" description="Test Case 3: Validate &quot;Round-trip&quot; and &quot;One-way&quot; radio buttons" finished-at="2022-06-10T16:45:31 CDT" duration-ms="7470" status="PASS">
          <reporter-output>
          </reporter-output>
        </test-method> <!-- testAndValidateRadioButtons -->
        <test-method is-config="true" signature="teardown()[pri:0, instance:tests.UnitedTests@704d6e83]" started-at="2022-06-10T16:45:31 CDT" name="teardown" finished-at="2022-06-10T16:45:31 CDT" duration-ms="188" status="PASS">
          <reporter-output>
          </reporter-output>
        </test-method> <!-- teardown -->
        <test-method is-config="true" signature="setup()[pri:0, instance:tests.UnitedTests@704d6e83]" started-at="2022-06-10T16:45:31 CDT" name="setup" finished-at="2022-06-10T16:45:33 CDT" duration-ms="1953" status="PASS">
          <reporter-output>
          </reporter-output>
        </test-method> <!-- setup -->
        <test-method signature="validateCheckBoxes()[pri:4, instance:tests.UnitedTests@704d6e83]" started-at="2022-06-10T16:45:33 CDT" name="validateCheckBoxes" description="Test Case 4: Validate &quot;Book with miles&quot; and &quot;Flexible dates&quot; checkboxes" finished-at="2022-06-10T16:45:43 CDT" duration-ms="10001" status="PASS">
          <reporter-output>
          </reporter-output>
        </test-method> <!-- validateCheckBoxes -->
        <test-method is-config="true" signature="teardown()[pri:0, instance:tests.UnitedTests@704d6e83]" started-at="2022-06-10T16:45:43 CDT" name="teardown" finished-at="2022-06-10T16:45:43 CDT" duration-ms="276" status="PASS">
          <reporter-output>
          </reporter-output>
        </test-method> <!-- teardown -->
        <test-method is-config="true" signature="setup()[pri:0, instance:tests.UnitedTests@704d6e83]" started-at="2022-06-10T16:45:43 CDT" name="setup" finished-at="2022-06-10T16:45:48 CDT" duration-ms="5239" status="PASS">
          <reporter-output>
          </reporter-output>
        </test-method> <!-- setup -->
        <test-method signature="validateDeparture()[pri:5, instance:tests.UnitedTests@704d6e83]" started-at="2022-06-10T16:45:48 CDT" name="validateDeparture" description="Test Case 5: Validate One-way ticket search results &quot;from Chicago, IL, US (ORD) to Miami, FL, US (MIA)" finished-at="2022-06-10T16:46:07 CDT" duration-ms="18838" status="PASS">
          <reporter-output>
          </reporter-output>
        </test-method> <!-- validateDeparture -->
        <test-method is-config="true" signature="teardown()[pri:0, instance:tests.UnitedTests@704d6e83]" started-at="2022-06-10T16:46:07 CDT" name="teardown" finished-at="2022-06-10T16:46:08 CDT" duration-ms="425" status="PASS">
          <reporter-output>
          </reporter-output>
        </test-method> <!-- teardown -->
      </class> <!-- tests.UnitedTests -->
    </test> <!-- Regression -->
  </suite> <!-- All Test Suite -->
</testng-results>
