<?xml version="1.0" encoding="UTF-8"?>
<!-- Generated by org.testng.reporters.JUnitXMLReporter -->
<testsuite ignored="0" hostname="Alonas-MacBook-Air.local" failures="0" tests="5" name="Regression" time="66.188" errors="0" timestamp="2022-06-10T16:46:08 CDT">
  <testcase classname="tests.UnitedTests" name="testNavigationItems" time="5.953"/>
  <testcase classname="tests.UnitedTests" name="validateBookTravelNavigationItems" time="5.882"/>
  <testcase classname="tests.UnitedTests" name="testAndValidateRadioButtons" time="7.47"/>
  <testcase classname="tests.UnitedTests" name="validateCheckBoxes" time="10.001"/>
  <testcase classname="tests.UnitedTests" name="validateDeparture" time="18.838"/>
</testsuite> <!-- Regression -->
